2017-03-13 21:52:50: Cookie name: trex_e8ab6397a3c6e101b2c78b9530f475cf41231ab9f10ab97885f8f77a2d07f585
2017-03-13 21:52:50: Requested Locale: en Desired Locale:en
2017-03-13 21:52:50: Initializing application...
2017-03-13 21:52:50: Cache is not enabled
2017-03-13 21:52:50: Application initialized
2017-03-13 21:52:50: Actual Locale: en
2017-03-13 21:52:50: Cache is not enabled
2017-03-13 21:52:50: Cache is not enabled
2017-03-13 21:52:50: Cache is not enabled
2017-03-13 21:52:50: Cache is not enabled
2017-03-13 21:52:50: Cache is not enabled
2017-03-13 21:52:50: Page loaded in 561 milliseconds
2017-03-13 21:53:06: Cookie name: trex_e8ab6397a3c6e101b2c78b9530f475cf41231ab9f10ab97885f8f77a2d07f585
2017-03-13 21:53:06: Requested Locale: en Desired Locale:en
2017-03-13 21:53:06: Initializing application...
2017-03-13 21:53:06: Cache is not enabled
2017-03-13 21:53:06: Application initialized
2017-03-13 21:53:06: Actual Locale: en
2017-03-13 21:53:06: Cache is not enabled
2017-03-13 21:53:06: Cache is not enabled
2017-03-13 21:53:06: Cache is not enabled
2017-03-13 21:53:06: Cache is not enabled
2017-03-13 21:53:06: Cache is not enabled
2017-03-13 21:53:06: Page loaded in 546 milliseconds
