2017-03-13 21:52:21: Cookie name: trex_e8ab6397a3c6e101b2c78b9530f475cf41231ab9f10ab97885f8f77a2d07f585
2017-03-13 21:52:21: Strategy pre-path
2017-03-13 21:52:21: Requested Locale:  Desired Locale:pt-BR,pt,en-US,en
2017-03-13 21:52:21: Initializing application...
2017-03-13 21:52:21: Cache is not enabled
2017-03-13 21:52:21: Application initialized
2017-03-13 21:52:21: Actual Locale: en
2017-03-13 21:52:22: Page loaded in 160 milliseconds
2017-03-13 21:52:32: Cookie name: trex_e8ab6397a3c6e101b2c78b9530f475cf41231ab9f10ab97885f8f77a2d07f585
2017-03-13 21:52:32: Strategy pre-path
2017-03-13 21:52:32: Requested Locale:  Desired Locale:pt-BR,pt,en-US,en
2017-03-13 21:52:32: Initializing application...
2017-03-13 21:52:32: Cache is not enabled
2017-03-13 21:52:32: Application initialized
2017-03-13 21:52:32: Actual Locale: en
2017-03-13 21:52:32: Page loaded in 129 milliseconds
2017-03-13 21:52:33: Cookie name: trex_e8ab6397a3c6e101b2c78b9530f475cf41231ab9f10ab97885f8f77a2d07f585
2017-03-13 21:52:33: Strategy pre-path
2017-03-13 21:52:33: Requested Locale:  Desired Locale:pt-BR,pt,en-US,en
2017-03-13 21:52:33: Initializing application...
2017-03-13 21:52:33: Cache is not enabled
2017-03-13 21:52:33: Application initialized
2017-03-13 21:52:33: Actual Locale: en
2017-03-13 21:52:33: Page loaded in 138 milliseconds
2017-03-13 21:52:44: Cookie name: trex_e8ab6397a3c6e101b2c78b9530f475cf41231ab9f10ab97885f8f77a2d07f585
2017-03-13 21:52:44: Strategy pre-path
2017-03-13 21:52:44: Requested Locale:  Desired Locale:pt-BR,pt,en-US,en
2017-03-13 21:52:44: Initializing application...
2017-03-13 21:52:44: Cache is not enabled
2017-03-13 21:52:44: Application initialized
2017-03-13 21:52:44: Actual Locale: en
2017-03-13 21:52:44: Page loaded in 78 milliseconds
2017-03-13 21:52:47: Cookie name: trex_e8ab6397a3c6e101b2c78b9530f475cf41231ab9f10ab97885f8f77a2d07f585
2017-03-13 21:52:47: Strategy pre-path
2017-03-13 21:52:47: Requested Locale:  Desired Locale:pt-BR,pt,en-US,en
2017-03-13 21:52:47: Initializing application...
2017-03-13 21:52:47: Cache is not enabled
2017-03-13 21:52:47: Application initialized
2017-03-13 21:52:47: Actual Locale: en
2017-03-13 21:52:47: Page loaded in 74 milliseconds
2017-03-13 21:53:13: Cookie name: trex_e8ab6397a3c6e101b2c78b9530f475cf41231ab9f10ab97885f8f77a2d07f585
2017-03-13 21:53:13: Strategy pre-path
2017-03-13 21:53:13: Using Cookie
2017-03-13 21:53:13: Requested Locale:  Desired Locale:en
2017-03-13 21:53:13: Initializing application...
2017-03-13 21:53:13: Cache is not enabled
2017-03-13 21:53:13: Application initialized
2017-03-13 21:53:13: Actual Locale: en
2017-03-13 21:53:13: Page loaded in 180 milliseconds
2017-03-13 21:53:19: Cookie name: trex_e8ab6397a3c6e101b2c78b9530f475cf41231ab9f10ab97885f8f77a2d07f585
2017-03-13 21:53:19: Strategy pre-path
2017-03-13 21:53:19: Using Cookie
2017-03-13 21:53:19: Requested Locale:  Desired Locale:en
2017-03-13 21:53:19: Initializing application...
2017-03-13 21:53:19: Cache is not enabled
2017-03-13 21:53:19: Application initialized
2017-03-13 21:53:19: Actual Locale: en
2017-03-13 21:53:19: Page loaded in 240 milliseconds
2017-03-13 21:53:29: Cookie name: trex_e8ab6397a3c6e101b2c78b9530f475cf41231ab9f10ab97885f8f77a2d07f585
2017-03-13 21:53:29: Strategy pre-path
2017-03-13 21:53:29: Using Cookie
2017-03-13 21:53:29: Requested Locale:  Desired Locale:en
2017-03-13 21:53:29: Initializing application...
2017-03-13 21:53:29: Cache is not enabled
2017-03-13 21:53:29: Application initialized
2017-03-13 21:53:29: Actual Locale: en
2017-03-13 21:53:30: Page loaded in 459 milliseconds
